{
  "RSpec": {
    "coverage": {
      "/home/sk8higher/Developer/vitebsk-site/app/models/user.rb": [
        1,
        null,
        null,
        1,
        null,
        null,
        1,
        0,
        null,
        null
      ],
      "/home/sk8higher/Developer/vitebsk-site/app/models/application_record.rb": [
        1,
        1,
        null
      ],
      "/home/sk8higher/Developer/vitebsk-site/app/helpers/application_helper.rb": [
        1,
        1,
        null
      ],
      "/home/sk8higher/Developer/vitebsk-site/app/helpers/artworks_helper.rb": [
        1,
        null
      ],
      "/home/sk8higher/Developer/vitebsk-site/app/helpers/buildings_helper.rb": [
        1,
        null
      ],
      "/home/sk8higher/Developer/vitebsk-site/app/helpers/monuments_helper.rb": [
        1,
        null
      ],
      "/home/sk8higher/Developer/vitebsk-site/app/helpers/museums_helper.rb": [
        1,
        null
      ],
      "/home/sk8higher/Developer/vitebsk-site/app/helpers/pages_helper.rb": [
        1,
        null
      ],
      "/home/sk8higher/Developer/vitebsk-site/app/helpers/people_helper.rb": [
        1,
        null
      ],
      "/home/sk8higher/Developer/vitebsk-site/app/controllers/people_controller.rb": [
        1,
        1,
        1,
        null,
        1,
        1,
        0,
        null,
        1,
        null,
        null,
        null,
        1,
        null,
        null,
        1,
        1,
        null,
        null,
        1,
        null,
        null,
        1,
        1,
        null,
        1,
        1,
        null,
        0,
        null,
        null,
        null,
        1,
        2,
        1,
        null,
        1,
        null,
        null,
        null,
        1,
        1,
        null,
        1,
        null,
        null,
        1,
        null,
        1,
        5,
        null,
        null,
        1,
        8,
        null,
        null,
        1,
        3,
        null,
        null
      ],
      "/home/sk8higher/Developer/vitebsk-site/app/controllers/application_controller.rb": [
        1,
        1,
        null
      ],
      "/home/sk8higher/Developer/vitebsk-site/app/models/person.rb": [
        1,
        1,
        null,
        1,
        null,
        1,
        null,
        1,
        null,
        1,
        null,
        1,
        1,
        1,
        1,
        null
      ],
      "/home/sk8higher/Developer/vitebsk-site/app/models/tag.rb": [
        1,
        null
      ],
      "/home/sk8higher/Developer/vitebsk-site/app/channels/application_cable/channel.rb": [
        0,
        0,
        0,
        0
      ],
      "/home/sk8higher/Developer/vitebsk-site/app/channels/application_cable/connection.rb": [
        0,
        0,
        0,
        0
      ],
      "/home/sk8higher/Developer/vitebsk-site/app/controllers/artworks_controller.rb": [
        0,
        0,
        0,
        null,
        0,
        0,
        0,
        null,
        0,
        0,
        null,
        0,
        0,
        0,
        null,
        0,
        0,
        null,
        0,
        0,
        null,
        0,
        0,
        0,
        0,
        0,
        0,
        null,
        0,
        0,
        0,
        0,
        0,
        0,
        0,
        null,
        0,
        0,
        null,
        0,
        0,
        null,
        0,
        null,
        0,
        0,
        0,
        null,
        0,
        0,
        0,
        null,
        0,
        0,
        0,
        0
      ],
      "/home/sk8higher/Developer/vitebsk-site/app/controllers/buildings_controller.rb": [
        0,
        0,
        null,
        0,
        0,
        0,
        null,
        0,
        0,
        null,
        0,
        0,
        0,
        null,
        0,
        0,
        null,
        0,
        0,
        null,
        0,
        0,
        0,
        0,
        0,
        0,
        null,
        0,
        0,
        0,
        0,
        0,
        0,
        0,
        null,
        0,
        0,
        null,
        0,
        0,
        null,
        0,
        null,
        0,
        0,
        0,
        null,
        0,
        0,
        0,
        0
      ],
      "/home/sk8higher/Developer/vitebsk-site/app/controllers/monuments_controller.rb": [
        0,
        0,
        null,
        0,
        0,
        0,
        null,
        0,
        0,
        null,
        0,
        0,
        0,
        null,
        0,
        0,
        null,
        0,
        0,
        null,
        0,
        0,
        0,
        0,
        0,
        0,
        null,
        0,
        0,
        0,
        0,
        0,
        0,
        0,
        null,
        0,
        0,
        null,
        0,
        0,
        null,
        0,
        null,
        0,
        0,
        0,
        null,
        0,
        0,
        0,
        0
      ],
      "/home/sk8higher/Developer/vitebsk-site/app/controllers/museums_controller.rb": [
        0,
        0,
        null,
        0,
        0,
        0,
        null,
        0,
        0,
        null,
        0,
        0,
        0,
        null,
        0,
        0,
        null,
        0,
        0,
        null,
        0,
        0,
        0,
        0,
        0,
        0,
        null,
        0,
        0,
        0,
        0,
        0,
        0,
        0,
        null,
        0,
        0,
        null,
        0,
        0,
        null,
        0,
        null,
        0,
        0,
        0,
        null,
        0,
        0,
        0,
        0
      ],
      "/home/sk8higher/Developer/vitebsk-site/app/controllers/pages_controller.rb": [
        0,
        0,
        0,
        0
      ],
      "/home/sk8higher/Developer/vitebsk-site/app/jobs/application_job.rb": [
        0,
        null,
        null,
        null,
        null,
        null,
        0
      ],
      "/home/sk8higher/Developer/vitebsk-site/app/mailers/application_mailer.rb": [
        0,
        0,
        0,
        0
      ],
      "/home/sk8higher/Developer/vitebsk-site/app/models/ability.rb": [
        null,
        null,
        0,
        0,
        null,
        0,
        0,
        0,
        0,
        0,
        0,
        0,
        0,
        0
      ],
      "/home/sk8higher/Developer/vitebsk-site/app/models/artwork.rb": [
        0,
        0,
        null,
        0,
        null,
        0,
        null,
        0,
        0,
        0
      ],
      "/home/sk8higher/Developer/vitebsk-site/app/models/building.rb": [
        0,
        0,
        null,
        0,
        null,
        0,
        0,
        0,
        0
      ],
      "/home/sk8higher/Developer/vitebsk-site/app/models/monument.rb": [
        0,
        0,
        null,
        0,
        null,
        0,
        0,
        0,
        0
      ],
      "/home/sk8higher/Developer/vitebsk-site/app/models/museum.rb": [
        0,
        0,
        null,
        0,
        null,
        0,
        0,
        0,
        0
      ]
    },
    "timestamp": 1679066035
  }
}
